Build started 11/26/2015 7:57:44 PM.
     1>Project "C:\Users\Shreyansh\Downloads\Assignments\CSCI 580\HW6\KOTHARI_SHREYANSH_HW6\CS580HW5.vcxproj" on node 2 (Build target(s)).
     1>ClCompile:
         C:\Program Files (x86)\Microsoft Visual Studio 12.0\VC\bin\CL.exe /c /ZI /nologo /W3 /WX- /Od /Oy- /D WIN32 /D _DEBUG /D _WINDOWS /D _VC80_UPGRADE=0x0600 /D _MBCS /D _AFXDLL /Gm /EHsc /RTC1 /MDd /GS /Gy- /fp:precise /Zc:wchar_t /Zc:forScope /Yc"stdafx.h" /Fp".\Debug\CS580HW5.pch" /Fo".\Debug\\" /Fd".\Debug\vc120.pdb" /Gd /TP /analyze- /errorReport:prompt StdAfx.cpp
         StdAfx.cpp
     1>c:\program files (x86)\microsoft visual studio 12.0\vc\atlmfc\include\afx.h(38): warning C4996: 'MBCS_Support_Deprecated_In_MFC': MBCS support in MFC is deprecated and may be removed in a future version of MFC.
                 c:\program files (x86)\microsoft visual studio 12.0\vc\atlmfc\include\afx.h(33) : see declaration of 'MBCS_Support_Deprecated_In_MFC'
         _WIN32_WINNT not defined. Defaulting to _WIN32_WINNT_MAXVER (see WinSDKVer.h)
         C:\Program Files (x86)\Microsoft Visual Studio 12.0\VC\bin\CL.exe /c /ZI /nologo /W3 /WX- /Od /Oy- /D WIN32 /D _DEBUG /D _WINDOWS /D _VC80_UPGRADE=0x0600 /D _MBCS /D _AFXDLL /Gm /EHsc /RTC1 /MDd /GS /Gy- /fp:precise /Zc:wchar_t /Zc:forScope /Yu"stdafx.h" /Fp".\Debug\CS580HW5.pch" /Fo".\Debug\\" /Fd".\Debug\vc120.pdb" /Gd /TP /analyze- /errorReport:prompt Application.cpp Application5.cpp CS580HW.cpp CS580HWDoc.cpp CS580HWView.cpp disp.cpp MainFrm.cpp rend.cpp RotateDlg.cpp ScaleDlg.cpp tex_fun.cpp TranslateDlg.cpp
         TranslateDlg.cpp
         tex_fun.cpp
     1>c:\users\shreyansh\downloads\assignments\csci 580\hw6\kothari_shreyansh_hw6\tex_fun.cpp(23): warning C4996: 'fopen': This function or variable may be unsafe. Consider using fopen_s instead. To disable deprecation, use _CRT_SECURE_NO_WARNINGS. See online help for details.
                 c:\program files (x86)\microsoft visual studio 12.0\vc\include\stdio.h(211) : see declaration of 'fopen'
     1>c:\users\shreyansh\downloads\assignments\csci 580\hw6\kothari_shreyansh_hw6\tex_fun.cpp(29): warning C4996: 'fscanf': This function or variable may be unsafe. Consider using fscanf_s instead. To disable deprecation, use _CRT_SECURE_NO_WARNINGS. See online help for details.
                 c:\program files (x86)\microsoft visual studio 12.0\vc\include\stdio.h(230) : see declaration of 'fscanf'
     1>c:\users\shreyansh\downloads\assignments\csci 580\hw6\kothari_shreyansh_hw6\tex_fun.cpp(40): warning C4244: '=' : conversion from 'double' to 'float', possible loss of data
     1>c:\users\shreyansh\downloads\assignments\csci 580\hw6\kothari_shreyansh_hw6\tex_fun.cpp(41): warning C4244: '=' : conversion from 'double' to 'float', possible loss of data
     1>c:\users\shreyansh\downloads\assignments\csci 580\hw6\kothari_shreyansh_hw6\tex_fun.cpp(42): warning C4244: '=' : conversion from 'double' to 'float', possible loss of data
     1>c:\users\shreyansh\downloads\assignments\csci 580\hw6\kothari_shreyansh_hw6\tex_fun.cpp(68): warning C4244: 'initializing' : conversion from 'float' to 'int', possible loss of data
     1>c:\users\shreyansh\downloads\assignments\csci 580\hw6\kothari_shreyansh_hw6\tex_fun.cpp(69): warning C4244: 'initializing' : conversion from 'float' to 'int', possible loss of data
     1>c:\users\shreyansh\downloads\assignments\csci 580\hw6\kothari_shreyansh_hw6\tex_fun.cpp(70): warning C4244: 'initializing' : conversion from 'float' to 'int', possible loss of data
     1>c:\users\shreyansh\downloads\assignments\csci 580\hw6\kothari_shreyansh_hw6\tex_fun.cpp(71): warning C4244: 'initializing' : conversion from 'float' to 'int', possible loss of data
     1>c:\users\shreyansh\downloads\assignments\csci 580\hw6\kothari_shreyansh_hw6\tex_fun.cpp(17): warning C4101: 'j' : unreferenced local variable
     1>c:\users\shreyansh\downloads\assignments\csci 580\hw6\kothari_shreyansh_hw6\tex_fun.cpp(150): warning C4305: 'initializing' : truncation from 'double' to 'float'
     1>c:\users\shreyansh\downloads\assignments\csci 580\hw6\kothari_shreyansh_hw6\tex_fun.cpp(159): warning C4305: '+=' : truncation from 'double' to 'float'
     1>c:\users\shreyansh\downloads\assignments\csci 580\hw6\kothari_shreyansh_hw6\tex_fun.cpp(162): warning C4305: '=' : truncation from 'double' to 'float'
     1>c:\users\shreyansh\downloads\assignments\csci 580\hw6\kothari_shreyansh_hw6\tex_fun.cpp(170): warning C4305: '+=' : truncation from 'double' to 'float'
         ScaleDlg.cpp
         RotateDlg.cpp
         rend.cpp
     1>c:\users\shreyansh\downloads\assignments\csci 580\hw6\kothari_shreyansh_hw6\rend.cpp(18): warning C4244: 'initializing' : conversion from 'double' to 'float', possible loss of data
     1>c:\users\shreyansh\downloads\assignments\csci 580\hw6\kothari_shreyansh_hw6\rend.cpp(35): warning C4244: 'initializing' : conversion from 'double' to 'float', possible loss of data
     1>c:\users\shreyansh\downloads\assignments\csci 580\hw6\kothari_shreyansh_hw6\rend.cpp(53): warning C4244: 'initializing' : conversion from 'double' to 'float', possible loss of data
     1>c:\users\shreyansh\downloads\assignments\csci 580\hw6\kothari_shreyansh_hw6\rend.cpp(121): warning C4244: '=' : conversion from 'int' to 'float', possible loss of data
     1>c:\users\shreyansh\downloads\assignments\csci 580\hw6\kothari_shreyansh_hw6\rend.cpp(122): warning C4244: '=' : conversion from 'int' to 'float', possible loss of data
     1>c:\users\shreyansh\downloads\assignments\csci 580\hw6\kothari_shreyansh_hw6\rend.cpp(123): warning C4305: '=' : truncation from 'INT' to 'float'
     1>c:\users\shreyansh\downloads\assignments\csci 580\hw6\kothari_shreyansh_hw6\rend.cpp(126): warning C4244: '=' : conversion from 'int' to 'float', possible loss of data
     1>c:\users\shreyansh\downloads\assignments\csci 580\hw6\kothari_shreyansh_hw6\rend.cpp(127): warning C4244: '=' : conversion from 'int' to 'float', possible loss of data
     1>c:\users\shreyansh\downloads\assignments\csci 580\hw6\kothari_shreyansh_hw6\rend.cpp(213): warning C4244: 'initializing' : conversion from 'double' to 'float', possible loss of data
     1>c:\users\shreyansh\downloads\assignments\csci 580\hw6\kothari_shreyansh_hw6\rend.cpp(639): warning C4244: 'initializing' : conversion from 'double' to 'float', possible loss of data
     1>c:\users\shreyansh\downloads\assignments\csci 580\hw6\kothari_shreyansh_hw6\rend.cpp(721): warning C4244: '=' : conversion from 'double' to 'float', possible loss of data
     1>c:\users\shreyansh\downloads\assignments\csci 580\hw6\kothari_shreyansh_hw6\rend.cpp(723): warning C4244: '=' : conversion from 'double' to 'float', possible loss of data
     1>c:\users\shreyansh\downloads\assignments\csci 580\hw6\kothari_shreyansh_hw6\rend.cpp(810): warning C4305: 'initializing' : truncation from 'double' to 'float'
     1>c:\users\shreyansh\downloads\assignments\csci 580\hw6\kothari_shreyansh_hw6\rend.cpp(888): warning C4244: 'initializing' : conversion from 'float' to 'int', possible loss of data
     1>c:\users\shreyansh\downloads\assignments\csci 580\hw6\kothari_shreyansh_hw6\rend.cpp(890): warning C4244: 'initializing' : conversion from 'float' to 'int', possible loss of data
     1>c:\users\shreyansh\downloads\assignments\csci 580\hw6\kothari_shreyansh_hw6\rend.cpp(902): warning C4244: 'initializing' : conversion from 'int' to 'float', possible loss of data
     1>c:\users\shreyansh\downloads\assignments\csci 580\hw6\kothari_shreyansh_hw6\rend.cpp(1006): warning C4244: 'argument' : conversion from 'float' to 'GzDepth', possible loss of data
     1>c:\users\shreyansh\downloads\assignments\csci 580\hw6\kothari_shreyansh_hw6\rend.cpp(1011): warning C4244: 'argument' : conversion from 'float' to 'GzDepth', possible loss of data
     1>c:\users\shreyansh\downloads\assignments\csci 580\hw6\kothari_shreyansh_hw6\rend.cpp(1032): warning C4244: 'initializing' : conversion from 'float' to 'int', possible loss of data
     1>c:\users\shreyansh\downloads\assignments\csci 580\hw6\kothari_shreyansh_hw6\rend.cpp(1034): warning C4244: 'initializing' : conversion from 'float' to 'int', possible loss of data
     1>c:\users\shreyansh\downloads\assignments\csci 580\hw6\kothari_shreyansh_hw6\rend.cpp(1043): warning C4244: '+=' : conversion from 'float' to 'GzIntensity', possible loss of data
     1>c:\users\shreyansh\downloads\assignments\csci 580\hw6\kothari_shreyansh_hw6\rend.cpp(1044): warning C4244: '+=' : conversion from 'float' to 'GzIntensity', possible loss of data
     1>c:\users\shreyansh\downloads\assignments\csci 580\hw6\kothari_shreyansh_hw6\rend.cpp(1045): warning C4244: '+=' : conversion from 'float' to 'GzIntensity', possible loss of data
     1>c:\users\shreyansh\downloads\assignments\csci 580\hw6\kothari_shreyansh_hw6\rend.cpp(1046): warning C4244: '+=' : conversion from 'float' to 'GzIntensity', possible loss of data
     1>c:\users\shreyansh\downloads\assignments\csci 580\hw6\kothari_shreyansh_hw6\rend.cpp(1047): warning C4244: '+=' : conversion from 'float' to 'GzDepth', possible loss of data
         MainFrm.cpp
         disp.cpp
         CS580HWView.cpp
         CS580HWDoc.cpp
         CS580HW.cpp
     1>c:\users\shreyansh\downloads\assignments\csci 580\hw6\kothari_shreyansh_hw6\cs580hw.cpp(58): warning C4996: 'CWinApp::Enable3dControls': CWinApp::Enable3dControls is no longer needed. You should remove this call.
                 c:\program files (x86)\microsoft visual studio 12.0\vc\atlmfc\include\afxwin.h(5178) : see declaration of 'CWinApp::Enable3dControls'
         Application5.cpp
     1>c:\users\shreyansh\downloads\assignments\csci 580\hw6\kothari_shreyansh_hw6\application5.cpp(94): warning C4305: 'initializing' : truncation from 'double' to 'float'
     1>c:\users\shreyansh\downloads\assignments\csci 580\hw6\kothari_shreyansh_hw6\application5.cpp(102): warning C4305: 'initializing' : truncation from 'double' to 'float'
     1>c:\users\shreyansh\downloads\assignments\csci 580\hw6\kothari_shreyansh_hw6\application5.cpp(109): warning C4305: '=' : truncation from 'double' to 'float'
     1>c:\users\shreyansh\downloads\assignments\csci 580\hw6\kothari_shreyansh_hw6\application5.cpp(110): warning C4305: '=' : truncation from 'double' to 'float'
     1>c:\users\shreyansh\downloads\assignments\csci 580\hw6\kothari_shreyansh_hw6\application5.cpp(113): warning C4305: '=' : truncation from 'double' to 'float'
     1>c:\users\shreyansh\downloads\assignments\csci 580\hw6\kothari_shreyansh_hw6\application5.cpp(117): warning C4305: '=' : truncation from 'double' to 'float'
     1>c:\users\shreyansh\downloads\assignments\csci 580\hw6\kothari_shreyansh_hw6\application5.cpp(126): warning C4305: 'initializing' : truncation from 'double' to 'float'
     1>c:\users\shreyansh\downloads\assignments\csci 580\hw6\kothari_shreyansh_hw6\application5.cpp(127): warning C4305: 'initializing' : truncation from 'double' to 'float'
     1>c:\users\shreyansh\downloads\assignments\csci 580\hw6\kothari_shreyansh_hw6\application5.cpp(128): warning C4305: 'initializing' : truncation from 'double' to 'float'
     1>c:\users\shreyansh\downloads\assignments\csci 580\hw6\kothari_shreyansh_hw6\application5.cpp(129): warning C4305: 'initializing' : truncation from 'double' to 'float'
     1>c:\users\shreyansh\downloads\assignments\csci 580\hw6\kothari_shreyansh_hw6\application5.cpp(132): warning C4305: 'initializing' : truncation from 'double' to 'float'
     1>c:\users\shreyansh\downloads\assignments\csci 580\hw6\kothari_shreyansh_hw6\application5.cpp(133): warning C4305: 'initializing' : truncation from 'double' to 'float'
     1>c:\users\shreyansh\downloads\assignments\csci 580\hw6\kothari_shreyansh_hw6\application5.cpp(134): warning C4305: 'initializing' : truncation from 'double' to 'float'
     1>c:\users\shreyansh\downloads\assignments\csci 580\hw6\kothari_shreyansh_hw6\application5.cpp(54): warning C4101: 'shaderType' : unreferenced local variable
     1>c:\users\shreyansh\downloads\assignments\csci 580\hw6\kothari_shreyansh_hw6\application5.cpp(220): warning C4996: 'fopen': This function or variable may be unsafe. Consider using fopen_s instead. To disable deprecation, use _CRT_SECURE_NO_WARNINGS. See online help for details.
                 c:\program files (x86)\microsoft visual studio 12.0\vc\include\stdio.h(211) : see declaration of 'fopen'
     1>c:\users\shreyansh\downloads\assignments\csci 580\hw6\kothari_shreyansh_hw6\application5.cpp(227): warning C4996: 'fopen': This function or variable may be unsafe. Consider using fopen_s instead. To disable deprecation, use _CRT_SECURE_NO_WARNINGS. See online help for details.
                 c:\program files (x86)\microsoft visual studio 12.0\vc\include\stdio.h(211) : see declaration of 'fopen'
     1>c:\users\shreyansh\downloads\assignments\csci 580\hw6\kothari_shreyansh_hw6\application5.cpp(237): warning C4996: 'fscanf': This function or variable may be unsafe. Consider using fscanf_s instead. To disable deprecation, use _CRT_SECURE_NO_WARNINGS. See online help for details.
                 c:\program files (x86)\microsoft visual studio 12.0\vc\include\stdio.h(230) : see declaration of 'fscanf'
     1>c:\users\shreyansh\downloads\assignments\csci 580\hw6\kothari_shreyansh_hw6\application5.cpp(243): warning C4996: 'fscanf': This function or variable may be unsafe. Consider using fscanf_s instead. To disable deprecation, use _CRT_SECURE_NO_WARNINGS. See online help for details.
                 c:\program files (x86)\microsoft visual studio 12.0\vc\include\stdio.h(230) : see declaration of 'fscanf'
     1>c:\users\shreyansh\downloads\assignments\csci 580\hw6\kothari_shreyansh_hw6\application5.cpp(249): warning C4996: 'fscanf': This function or variable may be unsafe. Consider using fscanf_s instead. To disable deprecation, use _CRT_SECURE_NO_WARNINGS. See online help for details.
                 c:\program files (x86)\microsoft visual studio 12.0\vc\include\stdio.h(230) : see declaration of 'fscanf'
     1>c:\users\shreyansh\downloads\assignments\csci 580\hw6\kothari_shreyansh_hw6\application5.cpp(255): warning C4996: 'fscanf': This function or variable may be unsafe. Consider using fscanf_s instead. To disable deprecation, use _CRT_SECURE_NO_WARNINGS. See online help for details.
                 c:\program files (x86)\microsoft visual studio 12.0\vc\include\stdio.h(230) : see declaration of 'fscanf'
         Application.cpp
         Generating Code...
       ResourceCompile:
         C:\Program Files (x86)\Windows Kits\8.1\bin\x86\rc.exe /D _DEBUG /D _VC80_UPGRADE=0x0600 /D _AFXDLL /l"0x0409" /nologo /fo".\Debug\CS580HW.res" CS580HW.rc 
       Link:
         C:\Program Files (x86)\Microsoft Visual Studio 12.0\VC\bin\link.exe /ERRORREPORT:PROMPT /OUT:".\Debug\CS580HW5.exe" /INCREMENTAL /NOLOGO /MANIFEST /MANIFESTUAC:"level='asInvoker' uiAccess='false'" /manifest:embed /manifestinput:"C:\Program Files (x86)\Microsoft Visual Studio 12.0\VC\Include\Manifest\dpiaware.manifest" /DEBUG /PDB:".\Debug\CS580HW5.pdb" /SUBSYSTEM:WINDOWS /TLBID:1 /DYNAMICBASE /NXCOMPAT /IMPLIB:".\Debug\CS580HW5.lib" /MACHINE:X86 /SAFESEH .\Debug\CS580HW.res
         .\Debug\Application.obj
         .\Debug\Application5.obj
         .\Debug\CS580HW.obj
         .\Debug\CS580HWDoc.obj
         .\Debug\CS580HWView.obj
         .\Debug\disp.obj
         .\Debug\MainFrm.obj
         .\Debug\rend.obj
         .\Debug\RotateDlg.obj
         .\Debug\ScaleDlg.obj
         .\Debug\StdAfx.obj
         .\Debug\tex_fun.obj
         .\Debug\TranslateDlg.obj
     1>Application.obj : warning LNK4075: ignoring '/EDITANDCONTINUE' due to '/SAFESEH' specification
         CS580HW5.vcxproj -> C:\Users\Shreyansh\Downloads\Assignments\CSCI 580\HW6\KOTHARI_SHREYANSH_HW6\.\Debug\CS580HW5.exe
     1>Done Building Project "C:\Users\Shreyansh\Downloads\Assignments\CSCI 580\HW6\KOTHARI_SHREYANSH_HW6\CS580HW5.vcxproj" (Build target(s)).

Build succeeded.

Time Elapsed 00:00:09.53
